<?xml version="1.0" encoding="UTF-8"?>
<!-- Generated by org.testng.reporters.JUnitReportReporter -->
<testsuite skipped="0" hostname="LAPTOP-S1LVCJIH" name="com.testcases.Testing" tests="1" failures="0" timestamp="18 Jan 2020 15:46:26 GMT" time="0.014" errors="0">
  <testcase name="doTest" time="0.014" classname="com.testcases.Testing"/>
</testsuite> <!-- com.testcases.Testing -->
