<?xml version="1.0" encoding="UTF-8"?>
<!-- Generated by org.testng.reporters.JUnitReportReporter -->
<testsuite skipped="0" hostname="LAPTOP-S1LVCJIH" name="com.testcases.Validate_Tc_02_Get_Orders_E2E" tests="1" failures="0" timestamp="18 Jan 2020 04:59:55 GMT" time="9.409" errors="0">
  <testcase name="postData" time="9.409" classname="com.testcases.Validate_Tc_02_Get_Orders_E2E"/>
</testsuite> <!-- com.testcases.Validate_Tc_02_Get_Orders_E2E -->
