<?xml version="1.0" encoding="UTF-8"?>
<!-- Generated by org.testng.reporters.JUnitReportReporter -->
<testsuite skipped="0" hostname="LAPTOP-S1LVCJIH" name="com.testcases.Validate_Tc_01_Get_Categories" tests="1" failures="0" timestamp="18 Jan 2020 04:59:55 GMT" time="7.189" errors="0">
  <testcase name="Tc_01_Get_Categories" time="7.189" classname="com.testcases.Validate_Tc_01_Get_Categories"/>
</testsuite> <!-- com.testcases.Validate_Tc_01_Get_Categories -->
